<?xml version="1.0" encoding="UTF-8"?>
<!-- Generated by org.testng.reporters.JUnitReportReporter -->
<testsuite hostname="DESKTOP-VN06GLD" failures="0" tests="1" name="tryout.test" time="7.598" errors="0" timestamp="2023-07-27T15:41:10 IST" skipped="0">
  <testcase classname="tryout.test" name="GetBookingIds_VerifyStatusCode" time="7.598"/>
  <system-out/>
</testsuite> <!-- tryout.test -->
