<?xml version="1.0" encoding="UTF-8"?>
<!-- Generated by org.testng.reporters.JUnitReportReporter -->
<testsuite hostname="DESKTOP-VN06GLD" failures="0" tests="2" name="basics.ABC$CreateUserandGet" time="21.219" errors="0" timestamp="2023-07-27T18:07:43 IST" skipped="0">
  <testcase classname="basics.ABC$CreateUserandGet" name="createAnUser" time="19.010"/>
  <system-out/>
  <testcase classname="basics.ABC$CreateUserandGet" name="Getuserdetails" time="2.209"/>
  <system-out/>
</testsuite> <!-- basics.ABC$CreateUserandGet -->
