<?xml version="1.0" encoding="UTF-8"?>
<!-- Generated by org.testng.reporters.JUnitReportReporter -->
<testsuite hostname="DESKTOP-VN06GLD" failures="0" tests="1" name="basics.basic_calls" time="5.752" errors="0" timestamp="2023-08-01T18:32:42 IST" skipped="0">
  <testcase classname="basics.basic_calls" name="getdeatils" time="5.752"/>
  <system-out/>
</testsuite> <!-- basics.basic_calls -->
