<?xml version="1.0" encoding="UTF-8"?>
<!-- Generated by org.testng.reporters.JUnitReportReporter -->
<testsuite hostname="DESKTOP-VN06GLD" failures="0" tests="1" name="basics.multipartUploadfile" time="6.999" errors="0" timestamp="2023-07-27T16:34:31 IST" skipped="0">
  <testcase classname="basics.multipartUploadfile" name="fileUploder" time="6.999"/>
  <system-out/>
</testsuite> <!-- basics.multipartUploadfile -->
