<?xml version="1.0" encoding="UTF-8"?>
<!-- Generated by org.testng.reporters.JUnitReportReporter -->
<testsuite hostname="DESKTOP-VN06GLD" failures="0" tests="1" name="basics.singleusernotfound" time="5.956" errors="0" timestamp="2023-07-18T12:52:22 IST" skipped="0">
  <testcase classname="basics.singleusernotfound" name="single_user_not_found" time="5.956"/>
  <system-out/>
</testsuite> <!-- basics.singleusernotfound -->
