<?xml version="1.0" encoding="UTF-8"?>
<!-- Generated by org.testng.reporters.JUnitReportReporter -->
<testsuite hostname="DESKTOP-VN06GLD" failures="0" tests="1" name="basics.singleuser" time="6.106" errors="0" timestamp="2023-07-20T18:41:56 IST" skipped="0">
  <testcase classname="basics.singleuser" name="singleuserdetails" time="6.106"/>
  <system-out/>
</testsuite> <!-- basics.singleuser -->
