<?xml version="1.0" encoding="UTF-8"?>
<!-- Generated by org.testng.reporters.JUnitReportReporter -->
<testsuite hostname="DESKTOP-VN06GLD" failures="0" tests="1" name="basics.rohit" time="7.123" errors="0" timestamp="2023-07-21T14:50:29 IST" skipped="0">
  <testcase classname="basics.rohit" name="addAPi" time="7.123"/>
  <system-out/>
</testsuite> <!-- basics.rohit -->
