<?xml version="1.0" encoding="UTF-8"?>
<!-- Generated by org.testng.reporters.JUnitReportReporter -->
<testsuite hostname="DESKTOP-VN06GLD" failures="0" tests="2" name="basics.apichain" time="10.179" errors="0" timestamp="2023-07-29T13:42:47 IST" skipped="0">
  <testcase classname="basics.apichain" name="createUser" time="8.124"/>
  <system-out/>
  <testcase classname="basics.apichain" name="getuserdetials" time="2.055"/>
  <system-out/>
</testsuite> <!-- basics.apichain -->
