<?xml version="1.0" encoding="UTF-8"?>
<!-- Generated by org.testng.reporters.JUnitReportReporter -->
<testsuite hostname="DESKTOP-VN06GLD" failures="0" tests="1" name="Runner.AddApi" time="0.333" errors="0" timestamp="2023-08-22T16:34:39 IST" skipped="0">
  <testcase classname="Runner.AddApi" name="runScenario" time="0.333"/>
  <system-out/>
</testsuite> <!-- Runner.AddApi -->
