<?xml version="1.0" encoding="UTF-8"?>
<!-- Generated by org.testng.reporters.JUnitReportReporter -->
<testsuite hostname="DESKTOP-VN06GLD" failures="0" tests="2" name="com.qa.test.ambertask" time="65.092" errors="0" timestamp="2023-11-24T10:25:41 IST" skipped="1">
  <testcase classname="com.qa.test.ambertask" name="Validate_title_and_location_of_property" time="65.092"/>
  <system-out/>
  <testcase classname="com.qa.test.ambertask" name="Bonus_Task_1">
    <skipped/>
  </testcase> <!-- Bonus_Task_1 -->
  <system-out/>
</testsuite> <!-- com.qa.test.ambertask -->
