<?xml version="1.0" encoding="UTF-8"?>
<!-- Generated by org.testng.reporters.JUnitReportReporter -->
<testsuite hostname="DESKTOP-VN06GLD" failures="0" tests="1" name="com.qa.test.test" time="20.683" errors="0" timestamp="2023-11-23T10:47:09 IST" skipped="0">
  <testcase classname="com.qa.test.test" name="validate_popular_cities" time="20.683"/>
  <system-out/>
</testsuite> <!-- com.qa.test.test -->
