<?xml version="1.0" encoding="UTF-8"?>
<!-- Generated by org.testng.reporters.JUnitReportReporter -->
<testsuite hostname="DESKTOP-VN06GLD" failures="0" tests="1" name="restbasics.Getuserdetails" time="6.974" errors="0" timestamp="2023-08-02T14:31:27 IST" skipped="0">
  <testcase classname="restbasics.Getuserdetails" name="getdetails" time="6.974"/>
  <system-out/>
</testsuite> <!-- restbasics.Getuserdetails -->
