<?xml version="1.0" encoding="UTF-8"?>
<!-- Generated by org.testng.reporters.JUnitReportReporter -->
<testsuite hostname="DESKTOP-VN06GLD" failures="0" tests="1" name="extratdatafromResponce.extratbyJsonpath_method" time="9.113" errors="0" timestamp="2023-08-02T17:56:41 IST" skipped="0">
  <testcase classname="extratdatafromResponce.extratbyJsonpath_method" name="updateWorkspace" time="9.113"/>
  <system-out/>
</testsuite> <!-- extratdatafromResponce.extratbyJsonpath_method -->
