<?xml version="1.0" encoding="UTF-8"?>
<!-- Generated by org.testng.reporters.JUnitReportReporter -->
<testsuite hostname="DESKTOP-VN06GLD" failures="0" tests="1" name="restbasics.validatecreateworkspacebypost" time="7.270" errors="0" timestamp="2023-08-02T17:40:17 IST" skipped="0">
  <testcase classname="restbasics.validatecreateworkspacebypost" name="createAWorkspace" time="7.270"/>
  <system-out/>
</testsuite> <!-- restbasics.validatecreateworkspacebypost -->
