<?xml version="1.0" encoding="UTF-8"?>
<!-- Generated by org.testng.reporters.JUnitReportReporter -->
<testsuite hostname="DESKTOP-VN06GLD" failures="0" tests="1" name="restbasics.postUserDetails" time="5.255" errors="0" timestamp="2023-08-02T14:41:28 IST" skipped="0">
  <testcase classname="restbasics.postUserDetails" name="PostUserDetails" time="5.255"/>
  <system-out/>
</testsuite> <!-- restbasics.postUserDetails -->
