<?xml version="1.0" encoding="UTF-8"?>
<!-- Generated by org.testng.reporters.JUnitReportReporter -->
<testsuite hostname="DESKTOP-VN06GLD" failures="0" tests="1" name="restbasics.validateHeaderForsingleworkspace" time="7.433" errors="0" timestamp="2023-08-02T16:20:38 IST" skipped="0">
  <testcase classname="restbasics.validateHeaderForsingleworkspace" name="getAWorkspaceDetail" time="7.433"/>
  <system-out/>
</testsuite> <!-- restbasics.validateHeaderForsingleworkspace -->
