<?xml version="1.0" encoding="UTF-8"?>
<!-- Generated by org.testng.reporters.JUnitReportReporter -->
<testsuite hostname="DESKTOP-VN06GLD" failures="0" tests="1" name="restbasics.fileUpload" time="9.412" errors="0" timestamp="2023-08-16T18:21:16 IST" skipped="0">
  <testcase classname="restbasics.fileUpload" name="uploadfile" time="9.412"/>
  <system-out/>
</testsuite> <!-- restbasics.fileUpload -->
