<?xml version="1.0" encoding="UTF-8"?>
<!-- Generated by org.testng.reporters.JUnitReportReporter -->
<testsuite hostname="DESKTOP-VN06GLD" failures="0" tests="1" name="restbasics.putuserdetails" time="5.873" errors="0" timestamp="2023-08-02T15:04:55 IST" skipped="0">
  <testcase classname="restbasics.putuserdetails" name="Putuserdetails" time="5.873"/>
  <system-out/>
</testsuite> <!-- restbasics.putuserdetails -->
