<?xml version="1.0" encoding="UTF-8"?>
<!-- Generated by org.testng.reporters.JUnitReportReporter -->
<testsuite hostname="DESKTOP-VN06GLD" failures="0" tests="1" name="restbasics.ValidateHeader" time="7.321" errors="0" timestamp="2023-08-02T16:17:32 IST" skipped="0">
  <testcase classname="restbasics.ValidateHeader" name="getAllWorkspaces" time="7.321"/>
  <system-out/>
</testsuite> <!-- restbasics.ValidateHeader -->
