<?xml version="1.0" encoding="UTF-8"?>
<!-- Generated by org.testng.reporters.JUnitReportReporter -->
<testsuite hostname="DESKTOP-VN06GLD" failures="0" tests="1" name="restbasics.validateResponccode" time="6.079" errors="0" timestamp="2023-08-02T16:04:55 IST" skipped="0">
  <testcase classname="restbasics.validateResponccode" name="PostUserDetails" time="6.079"/>
  <system-out/>
</testsuite> <!-- restbasics.validateResponccode -->
