<?xml version="1.0" encoding="UTF-8"?>
<!-- Generated by org.testng.reporters.JUnitReportReporter -->
<testsuite hostname="DESKTOP-VN06GLD" failures="0" tests="1" name="restbasics.validateupdateworkspace" time="6.619" errors="0" timestamp="2023-08-02T17:42:08 IST" skipped="0">
  <testcase classname="restbasics.validateupdateworkspace" name="createAWorkspace" time="6.619"/>
  <system-out/>
</testsuite> <!-- restbasics.validateupdateworkspace -->
