<?xml version="1.0" encoding="UTF-8"?>
<!-- Generated by org.testng.reporters.JUnitReportReporter -->
<testsuite hostname="DESKTOP-VN06GLD" failures="0" tests="1" name="Runner.testrunner" time="0.223" errors="0" timestamp="2023-07-05T16:43:29 IST" skipped="0">
  <testcase classname="Runner.testrunner" name="runScenario" time="0.223"/>
  <system-out/>
</testsuite> <!-- Runner.testrunner -->
