<?xml version="1.0" encoding="UTF-8"?>
<!-- Generated by org.testng.reporters.JUnitReportReporter -->
<testsuite hostname="DESKTOP-VN06GLD" failures="0" tests="1" name="Runner.datatable" time="0.253" errors="0" timestamp="2023-07-05T16:44:58 IST" skipped="0">
  <testcase classname="Runner.datatable" name="runScenario" time="0.253"/>
  <system-out/>
</testsuite> <!-- Runner.datatable -->
