<?xml version="1.0" encoding="UTF-8"?>
<!-- Generated by org.testng.reporters.JUnitReportReporter -->
<testsuite hostname="DESKTOP-VN06GLD" failures="0" tests="4" name="Runner.sceanrioOutlinerunner" time="0.798" errors="0" timestamp="2023-07-04T16:10:23 IST" skipped="0">
  <testcase classname="Runner.sceanrioOutlinerunner" name="runScenario" time="0.114"/>
  <system-out/>
  <testcase classname="Runner.sceanrioOutlinerunner" name="runScenario" time="0.130"/>
  <system-out/>
  <testcase classname="Runner.sceanrioOutlinerunner" name="runScenario" time="0.476"/>
  <system-out/>
  <testcase classname="Runner.sceanrioOutlinerunner" name="runScenario" time="0.078"/>
  <system-out/>
</testsuite> <!-- Runner.sceanrioOutlinerunner -->
