<?xml version="1.0" encoding="UTF-8"?>
<!-- Generated by org.testng.reporters.JUnitReportReporter -->
<testsuite hostname="DESKTOP-VN06GLD" failures="0" tests="3" name="Runner.hooksrunner" time="0.338" errors="0" timestamp="2023-07-14T16:28:28 IST" skipped="0">
  <testcase classname="Runner.hooksrunner" name="runScenario" time="0.013"/>
  <system-out/>
  <testcase classname="Runner.hooksrunner" name="runScenario" time="0.308"/>
  <system-out/>
  <testcase classname="Runner.hooksrunner" name="runScenario" time="0.017"/>
  <system-out/>
</testsuite> <!-- Runner.hooksrunner -->
