<?xml version="1.0" encoding="UTF-8"?>
<!-- Generated by org.testng.reporters.JUnitReportReporter -->
<testsuite hostname="DESKTOP-VN06GLD" failures="0" tests="4" name="Runner.sceanrioOutlinewithBackground" time="0.327" errors="0" timestamp="2023-07-05T15:21:03 IST" skipped="0">
  <testcase classname="Runner.sceanrioOutlinewithBackground" name="runScenario" time="0.024"/>
  <system-out/>
  <testcase classname="Runner.sceanrioOutlinewithBackground" name="runScenario" time="0.267"/>
  <system-out/>
  <testcase classname="Runner.sceanrioOutlinewithBackground" name="runScenario" time="0.019"/>
  <system-out/>
  <testcase classname="Runner.sceanrioOutlinewithBackground" name="runScenario" time="0.017"/>
  <system-out/>
</testsuite> <!-- Runner.sceanrioOutlinewithBackground -->
